#
# A fatal error has been detected by the Java Runtime Environment:
#
#  SIGSEGV (0xb) at pc=0xfee555b6, pid=18505, tid=87
#
# JRE version: 6.0_23-b05
# Java VM: Java HotSpot(TM) Server VM (19.0-b09 mixed mode solaris-x86 )
# Problematic frame:
# C  [libc.so.1+0x255b6]  _memcpy+0x176
#
# If you would like to submit a bug report, please visit:
#   http://java.sun.com/webapps/bugreport/crash.jsp
# The crash happened outside the Java Virtual Machine in native code.
# See problematic frame for where to report the bug.
#

---------------  T H R E A D  ---------------

Current thread (0x083eb000):  JavaThread "Computes values in handlers" daemon [_thread_in_native, id=87, stack(0x7428e000,0x742de000)]

siginfo:si_signo=SIGSEGV: si_errno=0, si_code=1 (SEGV_MAPERR), si_addr=0x746e9000

Registers:
EAX=0x00000000, EBX=0xfe06e000, ECX=0x00006e75, EDX=0x0000018e
ESP=0x742dd0f8, EBP=0x742dd130, ESI=0x746e8fcc, EDI=0x083917a0
EIP=0xfee555b6, EFLAGS=0x00010206

Register to memory mapping:

EAX=0x00000000
0x00000000 is pointing to unknown location

EBX=0xfe06e000
0xfe06e000: _GLOBAL_OFFSET_TABLE_+0 in /vol/java-1.6/jdk1.6.0_23/jre/lib/i386/libzip.so at 0xfe050000

ECX=0x00006e75
0x00006e75 is pointing to unknown location

EDX=0x0000018e
0x0000018e is pointing to unknown location

ESP=0x742dd0f8
0x742dd0f8 is pointing into the stack for thread: 0x083eb000
"Computes values in handlers" daemon prio=3 tid=0x083eb000 nid=0x57 runnable [0x742dd000]
   java.lang.Thread.State: RUNNABLE

EBP=0x742dd130
0x742dd130 is pointing into the stack for thread: 0x083eb000
"Computes values in handlers" daemon prio=3 tid=0x083eb000 nid=0x57 runnable [0x742dd000]
   java.lang.Thread.State: RUNNABLE

ESI=0x746e8fcc
0x746e8fcc is pointing to unknown location

EDI=0x083917a0
0x083917a0 is pointing to unknown location


Top of Stack: (sp=0x742dd0f8)
0x742dd0f8:   746e84de 094682e0 fe05b614 08390ce0
0x742dd108:   746e850c 00006e75 00000000 08b38c84
0x742dd118:   fe06e000 742dd130 00006e75 00006269
0x742dd128:   00006569 08b38a28 742dd160 fe052332
0x742dd138:   08b38a28 08b38c84 00000000 083eb118
0x742dd148:   742dd18c fe06e000 fededb00 9b0cdaca
0x742dd158:   08b38a28 742dd18c 742dd5a8 fe052713
0x742dd168:   08b38a28 742dd18c 00000042 083eb000 

Instructions: (pc=0xfee555b6)
0xfee555a6:   0f 10 4e 10 0f 29 4f 10 0f 10 56 20 0f 29 57 20
0xfee555b6:   0f 10 5e 30 0f 29 5f 30 83 c6 40 83 c7 40 4a 75 

Stack: [0x7428e000,0x742de000],  sp=0x742dd0f8,  free space=316k
Native frames: (J=compiled Java code, j=interpreted, Vv=VM code, C=native code)
C  [libc.so.1+0x255b6]  _memcpy+0x176
C  [libzip.so+0x2332]  ZIP_GetEntry+0x8a
C  [libzip.so+0x2713]  Java_java_util_zip_ZipFile_getEntry+0xa7
J  java.util.zip.ZipFile.getEntry(JLjava/lang/String;Z)J

Java frames: (J=compiled Java code, j=interpreted, Vv=VM code)
J  java.util.zip.ZipFile.getEntry(JLjava/lang/String;Z)J
J  java.util.jar.JarFile.getEntry(Ljava/lang/String;)Ljava/util/zip/ZipEntry;
J  org.netbeans.JarClassLoader$JarSource.resource(Ljava/lang/String;)[B
j  org.netbeans.Archive.getData(Lorg/netbeans/ArchiveResources;Ljava/lang/String;)[B+203
j  org.netbeans.JarClassLoader$JarSource.doGetResource(Ljava/lang/String;)Ljava/net/URL;+5
j  org.netbeans.JarClassLoader$Source.getResource(Ljava/lang/String;)Ljava/net/URL;+2
j  org.netbeans.JarClassLoader.findResource(Ljava/lang/String;)Ljava/net/URL;+18
j  org.netbeans.core.startup.NbInstaller.loadLayers(Ljava/util/List;Z)V+364
j  org.netbeans.core.startup.NbInstaller.unload(Ljava/util/List;)V+219
j  org.netbeans.ModuleManager.disable(Ljava/util/Set;)V+190
j  org.netbeans.core.startup.ModuleSystem.turnOffModule(Lorg/netbeans/Module;Ljava/util/Set;)V+108
j  org.netbeans.core.startup.ModuleSystem.deployTestModule(Ljava/io/File;)V+158
j  org.netbeans.core.startup.TestModuleDeployer.deployTestModule(Ljava/io/File;)V+7
j  org.netbeans.core.startup.CLITestModuleReload.cli(Lorg/netbeans/CLIHandler$Args;)I+83
j  org.netbeans.CLIHandler.notifyHandlers(Lorg/netbeans/CLIHandler$Args;Ljava/util/Collection;IZZ)I+48
j  org.netbeans.CLIHandler$Server$1ComputingAndNotifying.run()V+46
v  ~StubRoutines::call_stub

---------------  P R O C E S S  ---------------

Java Threads: ( => current thread )
=>0x083eb000 JavaThread "Computes values in handlers" daemon [_thread_in_native, id=87, stack(0x7428e000,0x742de000)]
  0x08573800 JavaThread "CLI Handler Thread Handler: 1" daemon [_thread_blocked, id=86, stack(0x74f8d000,0x74fdd000)]
  0x088b4800 JavaThread "Inactive RequestProcessor thread [Was:StdErr Flush/org.netbeans.core.startup.TopLogging$LgStream]" daemon [_thread_blocked, id=85, stack(0x741cf000,0x7421f000)]
  0x08836400 JavaThread "db4o WeakReference collector" daemon [_thread_blocked, id=79, stack(0x7412d000,0x7417d000)]
  0x08071400 JavaThread "DestroyJavaVM" [_thread_blocked, id=2, stack(0xfe14f000,0xfe19f000)]
  0x088e5000 JavaThread "AWT-EventQueue-1" [_thread_blocked, id=56, stack(0x742df000,0x7432f000)]
  0x087dcc00 JavaThread "TimerQueue" daemon [_thread_blocked, id=55, stack(0x748de000,0x7492e000)]
  0x088e4c00 JavaThread "Thread-2" daemon [_thread_blocked, id=54, stack(0x745ba000,0x7460a000)]
  0x087dbc00 JavaThread "AWT-Shutdown" [_thread_blocked, id=51, stack(0x7492f000,0x7497f000)]
  0x087b6800 JavaThread "AWT-XAWT" daemon [_thread_in_native, id=50, stack(0x74a0f000,0x74a5f000)]
  0x08659800 JavaThread "Java2D Disposer" daemon [_thread_blocked, id=49, stack(0x74abf000,0x74b0f000)]
  0x08570000 JavaThread "CLI Requests Server" daemon [_thread_in_native, id=46, stack(0x7502f000,0x7507f000)]
  0x084cb800 JavaThread "Active Reference Queue Daemon" daemon [_thread_blocked, id=45, stack(0x75179000,0x751c9000)]
  0x0846dc00 JavaThread "Timer-0" daemon [_thread_blocked, id=44, stack(0x751ca000,0x7521a000)]
  0x08359400 JavaThread "Low Memory Detector" daemon [_thread_blocked, id=42, stack(0x7529c000,0x752ec000)]
  0x08356c00 JavaThread "CompilerThread1" daemon [_thread_blocked, id=41, stack(0x752ed000,0x7536d000)]
  0x08354c00 JavaThread "CompilerThread0" daemon [_thread_blocked, id=40, stack(0x7536e000,0x753ee000)]
  0x08353000 JavaThread "Signal Dispatcher" daemon [_thread_blocked, id=39, stack(0x753ef000,0x7543f000)]
  0x08341c00 JavaThread "Finalizer" daemon [_thread_blocked, id=38, stack(0x75440000,0x75490000)]
  0x0833d000 JavaThread "Reference Handler" daemon [_thread_blocked, id=37, stack(0x75491000,0x754e1000)]

Other Threads:
  0x0833ac00 VMThread [stack: 0xfae3d000,0xfaebd000] [id=36]
  0x08363800 WatcherThread [stack: 0x7521b000,0x7529b000] [id=43]

VM state:not at safepoint (normal execution)

VM Mutex/Monitor currently owned by a thread: None

Heap
 PSYoungGen      total 273152K, used 184857K [0xd0360000, 0xe24e0000, 0xfae00000)
  eden space 259264K, 65% used [0xd0360000,0xdaa574b8,0xe0090000)
  from space 13888K, 99% used [0xe1130000,0xe1ebf260,0xe1ec0000)
  to   space 17024K, 0% used [0xe0090000,0xe0090000,0xe1130000)
 PSOldGen        total 174784K, used 3943K [0x7ae00000, 0x858b0000, 0xd0360000)
  object space 174784K, 2% used [0x7ae00000,0x7b1d9ce0,0x858b0000)
 PSPermGen       total 29312K, used 29274K [0x76e00000, 0x78aa0000, 0x7ae00000)
  object space 29312K, 99% used [0x76e00000,0x78a968a0,0x78aa0000)

Dynamic libraries:
0x08050000 	/vol/java-1.6/jdk1.6.0_23/bin/java
0xfefb0000 	/lib/libthread.so.1
0xfef80000 	/vol/java-1.6/jdk1.6.0_23/bin/../jre/lib/i386/jli/libjli.so
0xfef60000 	/lib/libdl.so.1
0xfee30000 	/lib/libc.so.1
0xfe400000 	/vol/java-1.6/jdk1.6.0_23/jre/lib/i386/server/libjvm.so
0xfee10000 	/lib/libsocket.so.1
0xfefa0000 	/usr/lib/libsched.so.1
0xfe3e0000 	/lib/libm.so.1
0xfe3b0000 	/usr/lib/libCrun.so.1
0xfe390000 	/lib/libdoor.so.1
0xfe2f0000 	/lib/libnsl.so.1
0xfe290000 	/lib/libm.so.2
0xfe260000 	/lib/libscf.so.1
0xfe240000 	/lib/libuutil.so.1
0xfe220000 	/lib/libgen.so.1
0xfe200000 	/lib/libmd.so.1
0xfe1e0000 	/lib/libmp.so.2
0xfe110000 	/vol/java-1.6/jdk1.6.0_23/jre/lib/i386/libverify.so
0xfe0d0000 	/vol/java-1.6/jdk1.6.0_23/jre/lib/i386/libjava.so
0xfe0b0000 	/vol/java-1.6/jdk1.6.0_23/jre/lib/i386/native_threads/libhpi.so
0xfe050000 	/vol/java-1.6/jdk1.6.0_23/jre/lib/i386/libzip.so
0xfae20000 	/usr/lib/locale/de_DE/de_DE.so.3
0x75080000 	/vol/java-1.6/jdk1.6.0_23/jre/lib/i386/libnet.so
0x74f60000 	/vol/java-1.6/jdk1.6.0_23/jre/lib/i386/libj2pkcs11.so
0x74f30000 	/usr/lib/libpkcs11.so
0x74f10000 	/usr/lib/libcryptoutil.so.1
0x74ec0000 	/usr/lib/security/pkcs11_softtoken_extra.so
0x74de0000 	/vol/java-1.6/jdk1.6.0_23/jre/lib/i386/libawt.so
0x74d90000 	/vol/java-1.6/jdk1.6.0_23/jre/lib/i386/xawt/libmawt.so
0x74d60000 	/usr/openwin//lib/libXext.so.0
0x74c10000 	/usr/openwin//lib/libX11.so.4
0x74bf0000 	/usr/openwin//lib/libXtst.so.1
0x74bd0000 	/usr/openwin//lib/libXi.so.5
0x74b10000 	/vol/java-1.6/jdk1.6.0_23/jre/lib/i386/libfontmanager.so
0x74a80000 	/usr/X11/lib/libXcursor.so.1
0x74a60000 	/usr/openwin/sfw/lib/libXrender.so.1
0x749e0000 	/vol/java-1.6/jdk1.6.0_23/jre/lib/i386/libnio.so
0x749c0000 	/lib/librt.so.1
0x749a0000 	/lib/libaio.so.1
0x74980000 	/usr/lib/libsendfile.so.1
0x74570000 	/homes/kotte/NetBeansProjects/ProteomikLaborprogramm/build/testuserdir/var/cache/jna/libjnidispatch.so
0x74220000 	/vol/java-1.6/jdk1.6.0_23/jre/lib/i386/libmanagement.so
0x73fe0000 	/vol/java-1.6/jdk1.6.0_23/jre/lib/i386/libdcpr.so
0x73f90000 	/vol/java-1.6/jdk1.6.0_23/jre/lib/i386/libsplashscreen.so
0x745b0000 	/lib/libpthread.so.1

VM Arguments:
jvm_args: -Djdk.home=/vol/java-1.6/jdk1.6.0_23 -Dnetbeans.system_http_proxy=http://proxy:3128 -Dnetbeans.system_http_non_proxy_hosts= -Dnetbeans.dirs=/homes/kotte/NetBeansProjects/ProteomikLaborprogramm/build/cluster:/vol/netbeans-6/share/netbeans-6.9/harness:/vol/netbeans-6/share/netbeans-6.9/ide:/vol/netbeans-6/share/netbeans-6.9/platform -Dnetbeans.home=/vol/netbeans-6/share/netbeans-6.9/platform -Dnetbeans.logger.console=true -ea -Xmx2G -Xms256M -XX:+HeapDumpOnOutOfMemoryError -XX:HeapDumpPath=/homes/kotte/NetBeansProjects/ProteomikLaborprogramm/SpotTableExporter/../build/testuserdir/var/log/heapdump.hprof 
java_command: org.netbeans.Main --userdir /homes/kotte/NetBeansProjects/ProteomikLaborprogramm/SpotTableExporter/../build/testuserdir --branding proteomiklaborprogamm
Launcher Type: SUN_STANDARD

Environment Variables:
PATH=/vol/graphviz-2.18/bin:/vol/subversion-1.6/bin:/vol/gcc-4.3/bin:/vol/firefox-3.6/bin:/vol/netbeans-6/bin:/vol/eclipse-3/bin:/vol/staden-02.0/bin:/vol/emboss-6.2/bin:/vol/biotools/bin:/vol/tcl-8.5/bin:/vol/graphics/bin:/vol/thunderbird-6.0/bin:/vol/firefox-6.0/bin:/vol/openssh-5.2/bin:/vol/gnu/bin:/vol/local/bin:/vol/cups/bin:/vol/kde-3.5.10/bin:/opt/staroffice9/bin:/vol/X11/bin:/usr/dt/bin:/usr/openwin/bin:/vol/acroread-9/bin:/vol/gimp-2.6/bin:/vol/perl-5.8.8/bin:/vol/tex-2010/bin:/usr/bin:/usr/ccs/bin:/usr/ucb:/usr/local/bin:/vol/codine-6.2/bin/sol-amd64:.:/vol/mysql-5.0.45/bin
LD_LIBRARY_PATH=/vol/java-1.6/jdk1.6.0_23/jre/lib/i386/server:/vol/java-1.6/jdk1.6.0_23/jre/lib/i386:/vol/java-1.6/jdk1.6.0_23/jre/../lib/i386:/vol/java-1.6/jdk1.6.0_23/jre/lib/i386/client:/vol/java-1.6/jdk1.6.0_23/jre/lib/i386:/vol/java-1.6/jdk1.6.0_23/jre/../lib/i386
SHELL=/usr/local/bin/bash
DISPLAY=marlin:42.0
ARCH=i386

Signal Handlers:
SIGSEGV: [libjvm.so+0x84f8f0], sa_mask[0]=0xffbffeff, sa_flags=0x0000000c
SIGBUS: [libjvm.so+0x84f8f0], sa_mask[0]=0xffbffeff, sa_flags=0x0000000c
SIGFPE: [libjvm.so+0x15fad4], sa_mask[0]=0xffbffeff, sa_flags=0x0000000c
SIGPIPE: [libjvm.so+0x15fad4], sa_mask[0]=0xffbffeff, sa_flags=0x0000000c
SIGXFSZ: [libjvm.so+0x15fad4], sa_mask[0]=0xffbffeff, sa_flags=0x0000000c
SIGILL: [libjvm.so+0x15fad4], sa_mask[0]=0xffbffeff, sa_flags=0x0000000c
SIGUSR1: SIG_DFL, sa_mask[0]=0x00000000, sa_flags=0x00000000
SIGUSR2: SIG_DFL, sa_mask[0]=0x00000000, sa_flags=0x00000000
SIGQUIT: [libjvm.so+0x72c998], sa_mask[0]=0xffbffeff, sa_flags=0x00000004
SIGHUP: [libjvm.so+0x72c998], sa_mask[0]=0xffbffeff, sa_flags=0x00000004
SIGINT: SIG_IGN, sa_mask[0]=0x00000000, sa_flags=0x00000000
SIGTERM: [libjvm.so+0x72c998], sa_mask[0]=0xffbffeff, sa_flags=0x00000004
SIG39: [libjvm.so+0x72f998], sa_mask[0]=0x00000000, sa_flags=0x00000008
SIG40: [libjvm.so+0x15fad4], sa_mask[0]=0xffbffeff, sa_flags=0x0000000c


---------------  S Y S T E M  ---------------

OS:                    Oracle Solaris 10 9/10 s10x_u9wos_14a X86
     Copyright (c) 2010, Oracle and/or its affiliates. All rights reserved.
                            Assembled 11 August 2010

uname:SunOS 5.10 Generic_142910-17 i86pc  (T2 libthread)
rlimit: STACK 10240k, CORE 0k, NOFILE 65536, AS infinity
load average:5.52 5.50 5.47

CPU:total 48 (6 cores per cpu, 2 threads per core) family 6 model 46 stepping 6, cmov, cx8, fxsr, mmx, sse, sse2, sse3, ssse3, sse4.1, sse4.2, popcnt, ht

Memory: 4k page, physical 268274456k(169568504k free)

vm_info: Java HotSpot(TM) Server VM (19.0-b09) for solaris-x86 JRE (1.6.0_23-b05), built on Nov 12 2010 14:31:49 by "" with Workshop 5.8

time: Wed Jan 18 13:28:37 2012
elapsed time: 543 seconds

